Simulador RISC-V com Pipeline - Início da Execução
==================================================

--- Ciclo 1 ---
PC: 0x00000004

Estágios do Pipeline:
  IF/ID : 00000000111100000000001010010011 (PC=0x0000)
  ID/EX : nop
  EX/MEM: nop
  MEM/WB: nop

Registradores:
  x0  (zero): 0x00000000 (0)
  x1  (ra  ): 0x00000000 (0)
  x2  (sp  ): 0x00000000 (0)
  x3  (gp  ): 0x00000000 (0)
  x4  (tp  ): 0x00000000 (0)
  x5  (t0  ): 0x00000000 (0)
  x6  (t1  ): 0x00000000 (0)
  x7  (t2  ): 0x00000000 (0)
  x8  (fp  ): 0x00000000 (0)
  x9  (s1  ): 0x00000000 (0)
  x10 (a0  ): 0x00000000 (0)
  x11 (a1  ): 0x00000000 (0)
  x12 (a2  ): 0x00000000 (0)
  x13 (a3  ): 0x00000000 (0)
  x14 (a4  ): 0x00000000 (0)
  x15 (a5  ): 0x00000000 (0)
  x16 (a6  ): 0x00000000 (0)
  x17 (a7  ): 0x00000000 (0)
  x18 (s2  ): 0x00000000 (0)
  x19 (s3  ): 0x00000000 (0)
  x20 (s4  ): 0x00000000 (0)
  x21 (s5  ): 0x00000000 (0)
  x22 (s6  ): 0x00000000 (0)
  x23 (s7  ): 0x00000000 (0)
  x24 (s8  ): 0x00000000 (0)
  x25 (s9  ): 0x00000000 (0)
  x26 (s10 ): 0x00000000 (0)
  x27 (s11 ): 0x00000000 (0)
  x28 (t3  ): 0x00000000 (0)
  x29 (t4  ): 0x00000000 (0)
  x30 (t5  ): 0x00000000 (0)
  x31 (t6  ): 0x00000000 (0)

==================================================

--- Ciclo 2 ---
PC: 0x00000008

Estágios do Pipeline:
  IF/ID : 00000000101000000000001100010011 (PC=0x0004)
  ID/EX : addi
  EX/MEM: nop
  MEM/WB: nop

Registradores:
  x0  (zero): 0x00000000 (0)
  x1  (ra  ): 0x00000000 (0)
  x2  (sp  ): 0x00000000 (0)
  x3  (gp  ): 0x00000000 (0)
  x4  (tp  ): 0x00000000 (0)
  x5  (t0  ): 0x00000000 (0)
  x6  (t1  ): 0x00000000 (0)
  x7  (t2  ): 0x00000000 (0)
  x8  (fp  ): 0x00000000 (0)
  x9  (s1  ): 0x00000000 (0)
  x10 (a0  ): 0x00000000 (0)
  x11 (a1  ): 0x00000000 (0)
  x12 (a2  ): 0x00000000 (0)
  x13 (a3  ): 0x00000000 (0)
  x14 (a4  ): 0x00000000 (0)
  x15 (a5  ): 0x00000000 (0)
  x16 (a6  ): 0x00000000 (0)
  x17 (a7  ): 0x00000000 (0)
  x18 (s2  ): 0x00000000 (0)
  x19 (s3  ): 0x00000000 (0)
  x20 (s4  ): 0x00000000 (0)
  x21 (s5  ): 0x00000000 (0)
  x22 (s6  ): 0x00000000 (0)
  x23 (s7  ): 0x00000000 (0)
  x24 (s8  ): 0x00000000 (0)
  x25 (s9  ): 0x00000000 (0)
  x26 (s10 ): 0x00000000 (0)
  x27 (s11 ): 0x00000000 (0)
  x28 (t3  ): 0x00000000 (0)
  x29 (t4  ): 0x00000000 (0)
  x30 (t5  ): 0x00000000 (0)
  x31 (t6  ): 0x00000000 (0)

==================================================

--- Ciclo 3 ---
PC: 0x0000000c

Estágios do Pipeline:
  IF/ID : 00000000011100000000001110010011 (PC=0x0008)
  ID/EX : addi
  EX/MEM: addi
  MEM/WB: nop

Registradores:
  x0  (zero): 0x00000000 (0)
  x1  (ra  ): 0x00000000 (0)
  x2  (sp  ): 0x00000000 (0)
  x3  (gp  ): 0x00000000 (0)
  x4  (tp  ): 0x00000000 (0)
  x5  (t0  ): 0x00000000 (0)
  x6  (t1  ): 0x00000000 (0)
  x7  (t2  ): 0x00000000 (0)
  x8  (fp  ): 0x00000000 (0)
  x9  (s1  ): 0x00000000 (0)
  x10 (a0  ): 0x00000000 (0)
  x11 (a1  ): 0x00000000 (0)
  x12 (a2  ): 0x00000000 (0)
  x13 (a3  ): 0x00000000 (0)
  x14 (a4  ): 0x00000000 (0)
  x15 (a5  ): 0x00000000 (0)
  x16 (a6  ): 0x00000000 (0)
  x17 (a7  ): 0x00000000 (0)
  x18 (s2  ): 0x00000000 (0)
  x19 (s3  ): 0x00000000 (0)
  x20 (s4  ): 0x00000000 (0)
  x21 (s5  ): 0x00000000 (0)
  x22 (s6  ): 0x00000000 (0)
  x23 (s7  ): 0x00000000 (0)
  x24 (s8  ): 0x00000000 (0)
  x25 (s9  ): 0x00000000 (0)
  x26 (s10 ): 0x00000000 (0)
  x27 (s11 ): 0x00000000 (0)
  x28 (t3  ): 0x00000000 (0)
  x29 (t4  ): 0x00000000 (0)
  x30 (t5  ): 0x00000000 (0)
  x31 (t6  ): 0x00000000 (0)

==================================================

--- Ciclo 4 ---
PC: 0x00000010

Estágios do Pipeline:
  IF/ID : 00001100100000000000010000010011 (PC=0x000c)
  ID/EX : addi
  EX/MEM: addi
  MEM/WB: addi

Registradores:
  x0  (zero): 0x00000000 (0)
  x1  (ra  ): 0x00000000 (0)
  x2  (sp  ): 0x00000000 (0)
  x3  (gp  ): 0x00000000 (0)
  x4  (tp  ): 0x00000000 (0)
  x5  (t0  ): 0x00000000 (0)
  x6  (t1  ): 0x00000000 (0)
  x7  (t2  ): 0x00000000 (0)
  x8  (fp  ): 0x00000000 (0)
  x9  (s1  ): 0x00000000 (0)
  x10 (a0  ): 0x00000000 (0)
  x11 (a1  ): 0x00000000 (0)
  x12 (a2  ): 0x00000000 (0)
  x13 (a3  ): 0x00000000 (0)
  x14 (a4  ): 0x00000000 (0)
  x15 (a5  ): 0x00000000 (0)
  x16 (a6  ): 0x00000000 (0)
  x17 (a7  ): 0x00000000 (0)
  x18 (s2  ): 0x00000000 (0)
  x19 (s3  ): 0x00000000 (0)
  x20 (s4  ): 0x00000000 (0)
  x21 (s5  ): 0x00000000 (0)
  x22 (s6  ): 0x00000000 (0)
  x23 (s7  ): 0x00000000 (0)
  x24 (s8  ): 0x00000000 (0)
  x25 (s9  ): 0x00000000 (0)
  x26 (s10 ): 0x00000000 (0)
  x27 (s11 ): 0x00000000 (0)
  x28 (t3  ): 0x00000000 (0)
  x29 (t4  ): 0x00000000 (0)
  x30 (t5  ): 0x00000000 (0)
  x31 (t6  ): 0x00000000 (0)

==================================================

--- Ciclo 5 ---
PC: 0x00000014

Estágios do Pipeline:
  IF/ID : 00000000011000101000111000110011 (PC=0x0010)
  ID/EX : addi
  EX/MEM: addi
  MEM/WB: addi

Registradores:
  x0  (zero): 0x00000000 (0)
  x1  (ra  ): 0x00000000 (0)
  x2  (sp  ): 0x00000000 (0)
  x3  (gp  ): 0x00000000 (0)
  x4  (tp  ): 0x00000000 (0)
  x5  (t0  ): 0x0000000f (15)
  x6  (t1  ): 0x00000000 (0)
  x7  (t2  ): 0x00000000 (0)
  x8  (fp  ): 0x00000000 (0)
  x9  (s1  ): 0x00000000 (0)
  x10 (a0  ): 0x00000000 (0)
  x11 (a1  ): 0x00000000 (0)
  x12 (a2  ): 0x00000000 (0)
  x13 (a3  ): 0x00000000 (0)
  x14 (a4  ): 0x00000000 (0)
  x15 (a5  ): 0x00000000 (0)
  x16 (a6  ): 0x00000000 (0)
  x17 (a7  ): 0x00000000 (0)
  x18 (s2  ): 0x00000000 (0)
  x19 (s3  ): 0x00000000 (0)
  x20 (s4  ): 0x00000000 (0)
  x21 (s5  ): 0x00000000 (0)
  x22 (s6  ): 0x00000000 (0)
  x23 (s7  ): 0x00000000 (0)
  x24 (s8  ): 0x00000000 (0)
  x25 (s9  ): 0x00000000 (0)
  x26 (s10 ): 0x00000000 (0)
  x27 (s11 ): 0x00000000 (0)
  x28 (t3  ): 0x00000000 (0)
  x29 (t4  ): 0x00000000 (0)
  x30 (t5  ): 0x00000000 (0)
  x31 (t6  ): 0x00000000 (0)

==================================================

--- Ciclo 6 ---
PC: 0x00000018

Estágios do Pipeline:
  IF/ID : 00000000000000000000000000010011 (PC=0x0014)
  ID/EX : add
  EX/MEM: addi
  MEM/WB: addi

Registradores:
  x0  (zero): 0x00000000 (0)
  x1  (ra  ): 0x00000000 (0)
  x2  (sp  ): 0x00000000 (0)
  x3  (gp  ): 0x00000000 (0)
  x4  (tp  ): 0x00000000 (0)
  x5  (t0  ): 0x0000000f (15)
  x6  (t1  ): 0x0000000a (10)
  x7  (t2  ): 0x00000000 (0)
  x8  (fp  ): 0x00000000 (0)
  x9  (s1  ): 0x00000000 (0)
  x10 (a0  ): 0x00000000 (0)
  x11 (a1  ): 0x00000000 (0)
  x12 (a2  ): 0x00000000 (0)
  x13 (a3  ): 0x00000000 (0)
  x14 (a4  ): 0x00000000 (0)
  x15 (a5  ): 0x00000000 (0)
  x16 (a6  ): 0x00000000 (0)
  x17 (a7  ): 0x00000000 (0)
  x18 (s2  ): 0x00000000 (0)
  x19 (s3  ): 0x00000000 (0)
  x20 (s4  ): 0x00000000 (0)
  x21 (s5  ): 0x00000000 (0)
  x22 (s6  ): 0x00000000 (0)
  x23 (s7  ): 0x00000000 (0)
  x24 (s8  ): 0x00000000 (0)
  x25 (s9  ): 0x00000000 (0)
  x26 (s10 ): 0x00000000 (0)
  x27 (s11 ): 0x00000000 (0)
  x28 (t3  ): 0x00000000 (0)
  x29 (t4  ): 0x00000000 (0)
  x30 (t5  ): 0x00000000 (0)
  x31 (t6  ): 0x00000000 (0)

==================================================

--- Ciclo 7 ---
PC: 0x0000001c

Estágios do Pipeline:
  IF/ID : 00000000000000000000000000010011 (PC=0x0018)
  ID/EX : addi
  EX/MEM: add
  MEM/WB: addi

Registradores:
  x0  (zero): 0x00000000 (0)
  x1  (ra  ): 0x00000000 (0)
  x2  (sp  ): 0x00000000 (0)
  x3  (gp  ): 0x00000000 (0)
  x4  (tp  ): 0x00000000 (0)
  x5  (t0  ): 0x0000000f (15)
  x6  (t1  ): 0x0000000a (10)
  x7  (t2  ): 0x00000007 (7)
  x8  (fp  ): 0x00000000 (0)
  x9  (s1  ): 0x00000000 (0)
  x10 (a0  ): 0x00000000 (0)
  x11 (a1  ): 0x00000000 (0)
  x12 (a2  ): 0x00000000 (0)
  x13 (a3  ): 0x00000000 (0)
  x14 (a4  ): 0x00000000 (0)
  x15 (a5  ): 0x00000000 (0)
  x16 (a6  ): 0x00000000 (0)
  x17 (a7  ): 0x00000000 (0)
  x18 (s2  ): 0x00000000 (0)
  x19 (s3  ): 0x00000000 (0)
  x20 (s4  ): 0x00000000 (0)
  x21 (s5  ): 0x00000000 (0)
  x22 (s6  ): 0x00000000 (0)
  x23 (s7  ): 0x00000000 (0)
  x24 (s8  ): 0x00000000 (0)
  x25 (s9  ): 0x00000000 (0)
  x26 (s10 ): 0x00000000 (0)
  x27 (s11 ): 0x00000000 (0)
  x28 (t3  ): 0x00000000 (0)
  x29 (t4  ): 0x00000000 (0)
  x30 (t5  ): 0x00000000 (0)
  x31 (t6  ): 0x00000000 (0)

==================================================

--- Ciclo 8 ---
PC: 0x00000020

Estágios do Pipeline:
  IF/ID : 00000000000000000000000000010011 (PC=0x001c)
  ID/EX : addi
  EX/MEM: addi
  MEM/WB: add

Registradores:
  x0  (zero): 0x00000000 (0)
  x1  (ra  ): 0x00000000 (0)
  x2  (sp  ): 0x00000000 (0)
  x3  (gp  ): 0x00000000 (0)
  x4  (tp  ): 0x00000000 (0)
  x5  (t0  ): 0x0000000f (15)
  x6  (t1  ): 0x0000000a (10)
  x7  (t2  ): 0x00000007 (7)
  x8  (fp  ): 0x000000c8 (200)
  x9  (s1  ): 0x00000000 (0)
  x10 (a0  ): 0x00000000 (0)
  x11 (a1  ): 0x00000000 (0)
  x12 (a2  ): 0x00000000 (0)
  x13 (a3  ): 0x00000000 (0)
  x14 (a4  ): 0x00000000 (0)
  x15 (a5  ): 0x00000000 (0)
  x16 (a6  ): 0x00000000 (0)
  x17 (a7  ): 0x00000000 (0)
  x18 (s2  ): 0x00000000 (0)
  x19 (s3  ): 0x00000000 (0)
  x20 (s4  ): 0x00000000 (0)
  x21 (s5  ): 0x00000000 (0)
  x22 (s6  ): 0x00000000 (0)
  x23 (s7  ): 0x00000000 (0)
  x24 (s8  ): 0x00000000 (0)
  x25 (s9  ): 0x00000000 (0)
  x26 (s10 ): 0x00000000 (0)
  x27 (s11 ): 0x00000000 (0)
  x28 (t3  ): 0x00000000 (0)
  x29 (t4  ): 0x00000000 (0)
  x30 (t5  ): 0x00000000 (0)
  x31 (t6  ): 0x00000000 (0)

==================================================

--- Ciclo 9 ---
PC: 0x00000024

Estágios do Pipeline:
  IF/ID : 01000000011111100000111010110011 (PC=0x0020)
  ID/EX : addi
  EX/MEM: addi
  MEM/WB: addi

Registradores:
  x0  (zero): 0x00000000 (0)
  x1  (ra  ): 0x00000000 (0)
  x2  (sp  ): 0x00000000 (0)
  x3  (gp  ): 0x00000000 (0)
  x4  (tp  ): 0x00000000 (0)
  x5  (t0  ): 0x0000000f (15)
  x6  (t1  ): 0x0000000a (10)
  x7  (t2  ): 0x00000007 (7)
  x8  (fp  ): 0x000000c8 (200)
  x9  (s1  ): 0x00000000 (0)
  x10 (a0  ): 0x00000000 (0)
  x11 (a1  ): 0x00000000 (0)
  x12 (a2  ): 0x00000000 (0)
  x13 (a3  ): 0x00000000 (0)
  x14 (a4  ): 0x00000000 (0)
  x15 (a5  ): 0x00000000 (0)
  x16 (a6  ): 0x00000000 (0)
  x17 (a7  ): 0x00000000 (0)
  x18 (s2  ): 0x00000000 (0)
  x19 (s3  ): 0x00000000 (0)
  x20 (s4  ): 0x00000000 (0)
  x21 (s5  ): 0x00000000 (0)
  x22 (s6  ): 0x00000000 (0)
  x23 (s7  ): 0x00000000 (0)
  x24 (s8  ): 0x00000000 (0)
  x25 (s9  ): 0x00000000 (0)
  x26 (s10 ): 0x00000000 (0)
  x27 (s11 ): 0x00000000 (0)
  x28 (t3  ): 0x00000019 (25)
  x29 (t4  ): 0x00000000 (0)
  x30 (t5  ): 0x00000000 (0)
  x31 (t6  ): 0x00000000 (0)

==================================================

--- Ciclo 10 ---
PC: 0x00000028

Estágios do Pipeline:
  IF/ID : 00000000000000000000000000010011 (PC=0x0024)
  ID/EX : sub
  EX/MEM: addi
  MEM/WB: addi

Registradores:
  x0  (zero): 0x00000000 (0)
  x1  (ra  ): 0x00000000 (0)
  x2  (sp  ): 0x00000000 (0)
  x3  (gp  ): 0x00000000 (0)
  x4  (tp  ): 0x00000000 (0)
  x5  (t0  ): 0x0000000f (15)
  x6  (t1  ): 0x0000000a (10)
  x7  (t2  ): 0x00000007 (7)
  x8  (fp  ): 0x000000c8 (200)
  x9  (s1  ): 0x00000000 (0)
  x10 (a0  ): 0x00000000 (0)
  x11 (a1  ): 0x00000000 (0)
  x12 (a2  ): 0x00000000 (0)
  x13 (a3  ): 0x00000000 (0)
  x14 (a4  ): 0x00000000 (0)
  x15 (a5  ): 0x00000000 (0)
  x16 (a6  ): 0x00000000 (0)
  x17 (a7  ): 0x00000000 (0)
  x18 (s2  ): 0x00000000 (0)
  x19 (s3  ): 0x00000000 (0)
  x20 (s4  ): 0x00000000 (0)
  x21 (s5  ): 0x00000000 (0)
  x22 (s6  ): 0x00000000 (0)
  x23 (s7  ): 0x00000000 (0)
  x24 (s8  ): 0x00000000 (0)
  x25 (s9  ): 0x00000000 (0)
  x26 (s10 ): 0x00000000 (0)
  x27 (s11 ): 0x00000000 (0)
  x28 (t3  ): 0x00000019 (25)
  x29 (t4  ): 0x00000000 (0)
  x30 (t5  ): 0x00000000 (0)
  x31 (t6  ): 0x00000000 (0)

==================================================

--- Ciclo 11 ---
PC: 0x0000002c

Estágios do Pipeline:
  IF/ID : 00000000000000000000000000010011 (PC=0x0028)
  ID/EX : addi
  EX/MEM: sub
  MEM/WB: addi

Registradores:
  x0  (zero): 0x00000000 (0)
  x1  (ra  ): 0x00000000 (0)
  x2  (sp  ): 0x00000000 (0)
  x3  (gp  ): 0x00000000 (0)
  x4  (tp  ): 0x00000000 (0)
  x5  (t0  ): 0x0000000f (15)
  x6  (t1  ): 0x0000000a (10)
  x7  (t2  ): 0x00000007 (7)
  x8  (fp  ): 0x000000c8 (200)
  x9  (s1  ): 0x00000000 (0)
  x10 (a0  ): 0x00000000 (0)
  x11 (a1  ): 0x00000000 (0)
  x12 (a2  ): 0x00000000 (0)
  x13 (a3  ): 0x00000000 (0)
  x14 (a4  ): 0x00000000 (0)
  x15 (a5  ): 0x00000000 (0)
  x16 (a6  ): 0x00000000 (0)
  x17 (a7  ): 0x00000000 (0)
  x18 (s2  ): 0x00000000 (0)
  x19 (s3  ): 0x00000000 (0)
  x20 (s4  ): 0x00000000 (0)
  x21 (s5  ): 0x00000000 (0)
  x22 (s6  ): 0x00000000 (0)
  x23 (s7  ): 0x00000000 (0)
  x24 (s8  ): 0x00000000 (0)
  x25 (s9  ): 0x00000000 (0)
  x26 (s10 ): 0x00000000 (0)
  x27 (s11 ): 0x00000000 (0)
  x28 (t3  ): 0x00000019 (25)
  x29 (t4  ): 0x00000000 (0)
  x30 (t5  ): 0x00000000 (0)
  x31 (t6  ): 0x00000000 (0)

==================================================

--- Ciclo 12 ---
PC: 0x00000030

Estágios do Pipeline:
  IF/ID : 00000000000000000000000000010011 (PC=0x002c)
  ID/EX : addi
  EX/MEM: addi
  MEM/WB: sub

Registradores:
  x0  (zero): 0x00000000 (0)
  x1  (ra  ): 0x00000000 (0)
  x2  (sp  ): 0x00000000 (0)
  x3  (gp  ): 0x00000000 (0)
  x4  (tp  ): 0x00000000 (0)
  x5  (t0  ): 0x0000000f (15)
  x6  (t1  ): 0x0000000a (10)
  x7  (t2  ): 0x00000007 (7)
  x8  (fp  ): 0x000000c8 (200)
  x9  (s1  ): 0x00000000 (0)
  x10 (a0  ): 0x00000000 (0)
  x11 (a1  ): 0x00000000 (0)
  x12 (a2  ): 0x00000000 (0)
  x13 (a3  ): 0x00000000 (0)
  x14 (a4  ): 0x00000000 (0)
  x15 (a5  ): 0x00000000 (0)
  x16 (a6  ): 0x00000000 (0)
  x17 (a7  ): 0x00000000 (0)
  x18 (s2  ): 0x00000000 (0)
  x19 (s3  ): 0x00000000 (0)
  x20 (s4  ): 0x00000000 (0)
  x21 (s5  ): 0x00000000 (0)
  x22 (s6  ): 0x00000000 (0)
  x23 (s7  ): 0x00000000 (0)
  x24 (s8  ): 0x00000000 (0)
  x25 (s9  ): 0x00000000 (0)
  x26 (s10 ): 0x00000000 (0)
  x27 (s11 ): 0x00000000 (0)
  x28 (t3  ): 0x00000019 (25)
  x29 (t4  ): 0x00000000 (0)
  x30 (t5  ): 0x00000000 (0)
  x31 (t6  ): 0x00000000 (0)

==================================================

--- Ciclo 13 ---
PC: 0x00000034

Estágios do Pipeline:
  IF/ID : 00000001110101000010000000100011 (PC=0x0030)
  ID/EX : addi
  EX/MEM: addi
  MEM/WB: addi

Registradores:
  x0  (zero): 0x00000000 (0)
  x1  (ra  ): 0x00000000 (0)
  x2  (sp  ): 0x00000000 (0)
  x3  (gp  ): 0x00000000 (0)
  x4  (tp  ): 0x00000000 (0)
  x5  (t0  ): 0x0000000f (15)
  x6  (t1  ): 0x0000000a (10)
  x7  (t2  ): 0x00000007 (7)
  x8  (fp  ): 0x000000c8 (200)
  x9  (s1  ): 0x00000000 (0)
  x10 (a0  ): 0x00000000 (0)
  x11 (a1  ): 0x00000000 (0)
  x12 (a2  ): 0x00000000 (0)
  x13 (a3  ): 0x00000000 (0)
  x14 (a4  ): 0x00000000 (0)
  x15 (a5  ): 0x00000000 (0)
  x16 (a6  ): 0x00000000 (0)
  x17 (a7  ): 0x00000000 (0)
  x18 (s2  ): 0x00000000 (0)
  x19 (s3  ): 0x00000000 (0)
  x20 (s4  ): 0x00000000 (0)
  x21 (s5  ): 0x00000000 (0)
  x22 (s6  ): 0x00000000 (0)
  x23 (s7  ): 0x00000000 (0)
  x24 (s8  ): 0x00000000 (0)
  x25 (s9  ): 0x00000000 (0)
  x26 (s10 ): 0x00000000 (0)
  x27 (s11 ): 0x00000000 (0)
  x28 (t3  ): 0x00000019 (25)
  x29 (t4  ): 0x00000012 (18)
  x30 (t5  ): 0x00000000 (0)
  x31 (t6  ): 0x00000000 (0)

==================================================

--- Ciclo 14 ---
PC: 0x00000038

Estágios do Pipeline:
  IF/ID : 00000000000000000000000000010011 (PC=0x0034)
  ID/EX : sw
  EX/MEM: addi
  MEM/WB: addi

Registradores:
  x0  (zero): 0x00000000 (0)
  x1  (ra  ): 0x00000000 (0)
  x2  (sp  ): 0x00000000 (0)
  x3  (gp  ): 0x00000000 (0)
  x4  (tp  ): 0x00000000 (0)
  x5  (t0  ): 0x0000000f (15)
  x6  (t1  ): 0x0000000a (10)
  x7  (t2  ): 0x00000007 (7)
  x8  (fp  ): 0x000000c8 (200)
  x9  (s1  ): 0x00000000 (0)
  x10 (a0  ): 0x00000000 (0)
  x11 (a1  ): 0x00000000 (0)
  x12 (a2  ): 0x00000000 (0)
  x13 (a3  ): 0x00000000 (0)
  x14 (a4  ): 0x00000000 (0)
  x15 (a5  ): 0x00000000 (0)
  x16 (a6  ): 0x00000000 (0)
  x17 (a7  ): 0x00000000 (0)
  x18 (s2  ): 0x00000000 (0)
  x19 (s3  ): 0x00000000 (0)
  x20 (s4  ): 0x00000000 (0)
  x21 (s5  ): 0x00000000 (0)
  x22 (s6  ): 0x00000000 (0)
  x23 (s7  ): 0x00000000 (0)
  x24 (s8  ): 0x00000000 (0)
  x25 (s9  ): 0x00000000 (0)
  x26 (s10 ): 0x00000000 (0)
  x27 (s11 ): 0x00000000 (0)
  x28 (t3  ): 0x00000019 (25)
  x29 (t4  ): 0x00000012 (18)
  x30 (t5  ): 0x00000000 (0)
  x31 (t6  ): 0x00000000 (0)

==================================================

--- Ciclo 15 ---
PC: 0x0000003c

Estágios do Pipeline:
  IF/ID : 00000000000000000000000000010011 (PC=0x0038)
  ID/EX : addi
  EX/MEM: sw
  MEM/WB: addi

Registradores:
  x0  (zero): 0x00000000 (0)
  x1  (ra  ): 0x00000000 (0)
  x2  (sp  ): 0x00000000 (0)
  x3  (gp  ): 0x00000000 (0)
  x4  (tp  ): 0x00000000 (0)
  x5  (t0  ): 0x0000000f (15)
  x6  (t1  ): 0x0000000a (10)
  x7  (t2  ): 0x00000007 (7)
  x8  (fp  ): 0x000000c8 (200)
  x9  (s1  ): 0x00000000 (0)
  x10 (a0  ): 0x00000000 (0)
  x11 (a1  ): 0x00000000 (0)
  x12 (a2  ): 0x00000000 (0)
  x13 (a3  ): 0x00000000 (0)
  x14 (a4  ): 0x00000000 (0)
  x15 (a5  ): 0x00000000 (0)
  x16 (a6  ): 0x00000000 (0)
  x17 (a7  ): 0x00000000 (0)
  x18 (s2  ): 0x00000000 (0)
  x19 (s3  ): 0x00000000 (0)
  x20 (s4  ): 0x00000000 (0)
  x21 (s5  ): 0x00000000 (0)
  x22 (s6  ): 0x00000000 (0)
  x23 (s7  ): 0x00000000 (0)
  x24 (s8  ): 0x00000000 (0)
  x25 (s9  ): 0x00000000 (0)
  x26 (s10 ): 0x00000000 (0)
  x27 (s11 ): 0x00000000 (0)
  x28 (t3  ): 0x00000019 (25)
  x29 (t4  ): 0x00000012 (18)
  x30 (t5  ): 0x00000000 (0)
  x31 (t6  ): 0x00000000 (0)

==================================================

--- Ciclo 16 ---
PC: 0x00000040

Estágios do Pipeline:
  IF/ID : 00000000000000000000000000010011 (PC=0x003c)
  ID/EX : addi
  EX/MEM: addi
  MEM/WB: sw

Registradores:
  x0  (zero): 0x00000000 (0)
  x1  (ra  ): 0x00000000 (0)
  x2  (sp  ): 0x00000000 (0)
  x3  (gp  ): 0x00000000 (0)
  x4  (tp  ): 0x00000000 (0)
  x5  (t0  ): 0x0000000f (15)
  x6  (t1  ): 0x0000000a (10)
  x7  (t2  ): 0x00000007 (7)
  x8  (fp  ): 0x000000c8 (200)
  x9  (s1  ): 0x00000000 (0)
  x10 (a0  ): 0x00000000 (0)
  x11 (a1  ): 0x00000000 (0)
  x12 (a2  ): 0x00000000 (0)
  x13 (a3  ): 0x00000000 (0)
  x14 (a4  ): 0x00000000 (0)
  x15 (a5  ): 0x00000000 (0)
  x16 (a6  ): 0x00000000 (0)
  x17 (a7  ): 0x00000000 (0)
  x18 (s2  ): 0x00000000 (0)
  x19 (s3  ): 0x00000000 (0)
  x20 (s4  ): 0x00000000 (0)
  x21 (s5  ): 0x00000000 (0)
  x22 (s6  ): 0x00000000 (0)
  x23 (s7  ): 0x00000000 (0)
  x24 (s8  ): 0x00000000 (0)
  x25 (s9  ): 0x00000000 (0)
  x26 (s10 ): 0x00000000 (0)
  x27 (s11 ): 0x00000000 (0)
  x28 (t3  ): 0x00000019 (25)
  x29 (t4  ): 0x00000012 (18)
  x30 (t5  ): 0x00000000 (0)
  x31 (t6  ): 0x00000000 (0)

Memória (posições escritas):
  Endereço[0x00c8]: 0x00000012

==================================================

--- Ciclo 17 ---
PC: 0x00000044

Estágios do Pipeline:
  IF/ID : 00000000000001000010111100000011 (PC=0x0040)
  ID/EX : addi
  EX/MEM: addi
  MEM/WB: addi

Registradores:
  x0  (zero): 0x00000000 (0)
  x1  (ra  ): 0x00000000 (0)
  x2  (sp  ): 0x00000000 (0)
  x3  (gp  ): 0x00000000 (0)
  x4  (tp  ): 0x00000000 (0)
  x5  (t0  ): 0x0000000f (15)
  x6  (t1  ): 0x0000000a (10)
  x7  (t2  ): 0x00000007 (7)
  x8  (fp  ): 0x000000c8 (200)
  x9  (s1  ): 0x00000000 (0)
  x10 (a0  ): 0x00000000 (0)
  x11 (a1  ): 0x00000000 (0)
  x12 (a2  ): 0x00000000 (0)
  x13 (a3  ): 0x00000000 (0)
  x14 (a4  ): 0x00000000 (0)
  x15 (a5  ): 0x00000000 (0)
  x16 (a6  ): 0x00000000 (0)
  x17 (a7  ): 0x00000000 (0)
  x18 (s2  ): 0x00000000 (0)
  x19 (s3  ): 0x00000000 (0)
  x20 (s4  ): 0x00000000 (0)
  x21 (s5  ): 0x00000000 (0)
  x22 (s6  ): 0x00000000 (0)
  x23 (s7  ): 0x00000000 (0)
  x24 (s8  ): 0x00000000 (0)
  x25 (s9  ): 0x00000000 (0)
  x26 (s10 ): 0x00000000 (0)
  x27 (s11 ): 0x00000000 (0)
  x28 (t3  ): 0x00000019 (25)
  x29 (t4  ): 0x00000012 (18)
  x30 (t5  ): 0x00000000 (0)
  x31 (t6  ): 0x00000000 (0)

Memória (posições escritas):
  Endereço[0x00c8]: 0x00000012

==================================================

--- Ciclo 18 ---
PC: 0x00000044

Estágios do Pipeline:
  IF/ID : nop (PC=0x0044)
  ID/EX : lw
  EX/MEM: addi
  MEM/WB: addi

Registradores:
  x0  (zero): 0x00000000 (0)
  x1  (ra  ): 0x00000000 (0)
  x2  (sp  ): 0x00000000 (0)
  x3  (gp  ): 0x00000000 (0)
  x4  (tp  ): 0x00000000 (0)
  x5  (t0  ): 0x0000000f (15)
  x6  (t1  ): 0x0000000a (10)
  x7  (t2  ): 0x00000007 (7)
  x8  (fp  ): 0x000000c8 (200)
  x9  (s1  ): 0x00000000 (0)
  x10 (a0  ): 0x00000000 (0)
  x11 (a1  ): 0x00000000 (0)
  x12 (a2  ): 0x00000000 (0)
  x13 (a3  ): 0x00000000 (0)
  x14 (a4  ): 0x00000000 (0)
  x15 (a5  ): 0x00000000 (0)
  x16 (a6  ): 0x00000000 (0)
  x17 (a7  ): 0x00000000 (0)
  x18 (s2  ): 0x00000000 (0)
  x19 (s3  ): 0x00000000 (0)
  x20 (s4  ): 0x00000000 (0)
  x21 (s5  ): 0x00000000 (0)
  x22 (s6  ): 0x00000000 (0)
  x23 (s7  ): 0x00000000 (0)
  x24 (s8  ): 0x00000000 (0)
  x25 (s9  ): 0x00000000 (0)
  x26 (s10 ): 0x00000000 (0)
  x27 (s11 ): 0x00000000 (0)
  x28 (t3  ): 0x00000019 (25)
  x29 (t4  ): 0x00000012 (18)
  x30 (t5  ): 0x00000000 (0)
  x31 (t6  ): 0x00000000 (0)

Memória (posições escritas):
  Endereço[0x00c8]: 0x00000012

==================================================

--- Ciclo 19 ---
PC: 0x00000044

Estágios do Pipeline:
  IF/ID : nop (PC=0x0044)
  ID/EX : nop
  EX/MEM: lw
  MEM/WB: addi

Registradores:
  x0  (zero): 0x00000000 (0)
  x1  (ra  ): 0x00000000 (0)
  x2  (sp  ): 0x00000000 (0)
  x3  (gp  ): 0x00000000 (0)
  x4  (tp  ): 0x00000000 (0)
  x5  (t0  ): 0x0000000f (15)
  x6  (t1  ): 0x0000000a (10)
  x7  (t2  ): 0x00000007 (7)
  x8  (fp  ): 0x000000c8 (200)
  x9  (s1  ): 0x00000000 (0)
  x10 (a0  ): 0x00000000 (0)
  x11 (a1  ): 0x00000000 (0)
  x12 (a2  ): 0x00000000 (0)
  x13 (a3  ): 0x00000000 (0)
  x14 (a4  ): 0x00000000 (0)
  x15 (a5  ): 0x00000000 (0)
  x16 (a6  ): 0x00000000 (0)
  x17 (a7  ): 0x00000000 (0)
  x18 (s2  ): 0x00000000 (0)
  x19 (s3  ): 0x00000000 (0)
  x20 (s4  ): 0x00000000 (0)
  x21 (s5  ): 0x00000000 (0)
  x22 (s6  ): 0x00000000 (0)
  x23 (s7  ): 0x00000000 (0)
  x24 (s8  ): 0x00000000 (0)
  x25 (s9  ): 0x00000000 (0)
  x26 (s10 ): 0x00000000 (0)
  x27 (s11 ): 0x00000000 (0)
  x28 (t3  ): 0x00000019 (25)
  x29 (t4  ): 0x00000012 (18)
  x30 (t5  ): 0x00000000 (0)
  x31 (t6  ): 0x00000000 (0)

Memória (posições escritas):
  Endereço[0x00c8]: 0x00000012

==================================================

--- Ciclo 20 ---
PC: 0x00000044

Estágios do Pipeline:
  IF/ID : nop (PC=0x0044)
  ID/EX : nop
  EX/MEM: nop
  MEM/WB: lw

Registradores:
  x0  (zero): 0x00000000 (0)
  x1  (ra  ): 0x00000000 (0)
  x2  (sp  ): 0x00000000 (0)
  x3  (gp  ): 0x00000000 (0)
  x4  (tp  ): 0x00000000 (0)
  x5  (t0  ): 0x0000000f (15)
  x6  (t1  ): 0x0000000a (10)
  x7  (t2  ): 0x00000007 (7)
  x8  (fp  ): 0x000000c8 (200)
  x9  (s1  ): 0x00000000 (0)
  x10 (a0  ): 0x00000000 (0)
  x11 (a1  ): 0x00000000 (0)
  x12 (a2  ): 0x00000000 (0)
  x13 (a3  ): 0x00000000 (0)
  x14 (a4  ): 0x00000000 (0)
  x15 (a5  ): 0x00000000 (0)
  x16 (a6  ): 0x00000000 (0)
  x17 (a7  ): 0x00000000 (0)
  x18 (s2  ): 0x00000000 (0)
  x19 (s3  ): 0x00000000 (0)
  x20 (s4  ): 0x00000000 (0)
  x21 (s5  ): 0x00000000 (0)
  x22 (s6  ): 0x00000000 (0)
  x23 (s7  ): 0x00000000 (0)
  x24 (s8  ): 0x00000000 (0)
  x25 (s9  ): 0x00000000 (0)
  x26 (s10 ): 0x00000000 (0)
  x27 (s11 ): 0x00000000 (0)
  x28 (t3  ): 0x00000019 (25)
  x29 (t4  ): 0x00000012 (18)
  x30 (t5  ): 0x00000000 (0)
  x31 (t6  ): 0x00000000 (0)

Memória (posições escritas):
  Endereço[0x00c8]: 0x00000012

==================================================

--- Ciclo 21 ---
PC: 0x00000044

Estágios do Pipeline:
  IF/ID : nop (PC=0x0044)
  ID/EX : nop
  EX/MEM: nop
  MEM/WB: nop

Registradores:
  x0  (zero): 0x00000000 (0)
  x1  (ra  ): 0x00000000 (0)
  x2  (sp  ): 0x00000000 (0)
  x3  (gp  ): 0x00000000 (0)
  x4  (tp  ): 0x00000000 (0)
  x5  (t0  ): 0x0000000f (15)
  x6  (t1  ): 0x0000000a (10)
  x7  (t2  ): 0x00000007 (7)
  x8  (fp  ): 0x000000c8 (200)
  x9  (s1  ): 0x00000000 (0)
  x10 (a0  ): 0x00000000 (0)
  x11 (a1  ): 0x00000000 (0)
  x12 (a2  ): 0x00000000 (0)
  x13 (a3  ): 0x00000000 (0)
  x14 (a4  ): 0x00000000 (0)
  x15 (a5  ): 0x00000000 (0)
  x16 (a6  ): 0x00000000 (0)
  x17 (a7  ): 0x00000000 (0)
  x18 (s2  ): 0x00000000 (0)
  x19 (s3  ): 0x00000000 (0)
  x20 (s4  ): 0x00000000 (0)
  x21 (s5  ): 0x00000000 (0)
  x22 (s6  ): 0x00000000 (0)
  x23 (s7  ): 0x00000000 (0)
  x24 (s8  ): 0x00000000 (0)
  x25 (s9  ): 0x00000000 (0)
  x26 (s10 ): 0x00000000 (0)
  x27 (s11 ): 0x00000000 (0)
  x28 (t3  ): 0x00000019 (25)
  x29 (t4  ): 0x00000012 (18)
  x30 (t5  ): 0x00000012 (18)
  x31 (t6  ): 0x00000000 (0)

Memória (posições escritas):
  Endereço[0x00c8]: 0x00000012

==================================================


--- Fim da Simulação (21 ciclos) ---
